
> vuepress-graduation-projects@1.0.0 docs:dev
> vuepress dev docs

wait Extracting site metadata...
tip Apply theme vuepress-theme-book (extends @vuepress/theme-default) ...
tip Apply plugin container (i.e. "vuepress-plugin-container") ...
tip Apply plugin @vuepress/last-updated (i.e. "@vuepress/plugin-last-updated") ...
tip Apply plugin @vuepress/register-components (i.e. "@vuepress/plugin-register-components") ...
tip Apply plugin @vuepress/active-header-links (i.e. "@vuepress/plugin-active-header-links") ...
tip Apply plugin @vuepress/search (i.e. "@vuepress/plugin-search") ...
tip Apply plugin @vuepress/nprogress (i.e. "@vuepress/plugin-nprogress") ...
tip Apply plugin smooth-scroll (i.e. "vuepress-plugin-smooth-scroll") ...
tip Apply plugin @vuepress/back-to-top (i.e. "@vuepress/plugin-back-to-top") ...
tip Apply plugin @vuepress/medium-zoom (i.e. "@vuepress/plugin-medium-zoom") ...
tip Apply plugin @maginapp/katex (i.e. "@maginapp/vuepress-plugin-katex") ...
tip Apply plugin code-copy (i.e. "vuepress-plugin-code-copy") ...
ℹ Compiling Client
[34mℹ[39m [90m｢wds｣[39m: Project is running at http://0.0.0.0:8080/
[34mℹ[39m [90m｢wds｣[39m: webpack output is served from /
[34mℹ[39m [90m｢wds｣[39m: Content not from webpack is served from /Users/Hurley/Documents/Projects/MyFEProjects/vuepress-graduation-projects/docs/.vuepress/public
[34mℹ[39m [90m｢wds｣[39m: 404s will fallback to /index.html
Browserslist: caniuse-lite is outdated. Please run:
  npx browserslist@latest --update-db
  Why you should do it regularly: https://github.com/browserslist/browserslist#browsers-data-updating
✔ Client: Compiled successfully in 4.87s
csuccess [10:58:42] Build cef8ad finished in 4866 ms! 
> VuePress dev server listening at http://localhost:8080/
cℹ Compiling Client
✔ Client: Compiled successfully in 162.38ms
csuccess [10:58:42] Build f19ede finished in 163 ms! ( http://localhost:8080/ )
